# JRE version: OpenJDK Runtime Environment Temurin-11.0.15+10 (11.0.15+10) (build 11.0.15+10)
# Java VM: OpenJDK 64-Bit Server VM Temurin-11.0.15+10 (11.0.15+10, mixed mode, tiered, compressed oops, g1 gc, windows-amd64)
Heap:
 garbage-first heap   total 218112K, used 98300K [0x00000000c2400000, 0x0000000100000000)
  region size 1024K, 1 young (1024K), 1 survivors (1024K)
 Metaspace       used 81593K, capacity 82448K, committed 82560K, reserved 1122304K
  class space    used 8709K, capacity 9041K, committed 9088K, reserved 1048576K
GC Heap History (20 events):
Event: 31.018 GC heap after
{Heap after GC invocations=60 (full 0):
 garbage-first heap   total 110592K, used 87440K [0x00000000c2400000, 0x0000000100000000)
  region size 1024K, 2 young (2048K), 2 survivors (2048K)
 Metaspace       used 76504K, capacity 77357K, committed 77440K, reserved 1118208K
  class space    used 8167K, capacity 8496K, committed 8576K, reserved 1048576K
}
Event: 31.147 GC heap before
{Heap before GC invocations=60 (full 0):
 garbage-first heap   total 110592K, used 95632K [0x00000000c2400000, 0x0000000100000000)
  region size 1024K, 10 young (10240K), 2 survivors (2048K)
 Metaspace       used 76716K, capacity 77645K, committed 77696K, reserved 1118208K
  class space    used 8180K, capacity 8528K, committed 8576K, reserved 1048576K
}
Event: 31.151 GC heap after
{Heap after GC invocations=61 (full 0):
 garbage-first heap   total 110592K, used 88331K [0x00000000c2400000, 0x0000000100000000)
  region size 1024K, 2 young (2048K), 2 survivors (2048K)
 Metaspace       used 76716K, capacity 77645K, committed 77696K, reserved 1118208K
  class space    used 8180K, capacity 8528K, committed 8576K, reserved 1048576K
}
Event: 31.272 GC heap before
{Heap before GC invocations=61 (full 0):
 garbage-first heap   total 110592K, used 95499K [0x00000000c2400000, 0x0000000100000000)
  region size 1024K, 9 young (9216K), 2 survivors (2048K)
 Metaspace       used 76787K, capacity 77709K, committed 77952K, reserved 1118208K
  class space    used 8181K, capacity 8528K, committed 8576K, reserved 1048576K
}
Event: 31.277 GC heap after
{Heap after GC invocations=62 (full 0):
 garbage-first heap   total 110592K, used 88976K [0x00000000c2400000, 0x0000000100000000)
  region size 1024K, 2 young (2048K), 2 survivors (2048K)
 Metaspace       used 76787K, capacity 77709K, committed 77952K, reserved 1118208K
  class space    used 8181K, capacity 8528K, committed 8576K, reserved 1048576K
}
Event: 31.325 GC heap before
{Heap before GC invocations=63 (full 0):
 garbage-first heap   total 110592K, used 96144K [0x00000000c2400000, 0x0000000100000000)
  region size 1024K, 9 young (9216K), 2 survivors (2048K)
 Metaspace       used 76804K, capacity 77709K, committed 77952K, reserved 1118208K
  class space    used 8181K, capacity 8528K, committed 8576K, reserved 1048576K
}
Event: 31.330 GC heap after
{Heap after GC invocations=64 (full 0):
 garbage-first heap   total 110592K, used 89646K [0x00000000c2400000, 0x0000000100000000)
  region size 1024K, 2 young (2048K), 2 survivors (2048K)
 Metaspace       used 76804K, capacity 77709K, committed 77952K, reserved 1118208K
  class space    used 8181K, capacity 8528K, committed 8576K, reserved 1048576K
}
Event: 31.390 GC heap before
{Heap before GC invocations=64 (full 0):
 garbage-first heap   total 110592K, used 95790K [0x00000000c2400000, 0x0000000100000000)
  region size 1024K, 8 young (8192K), 2 survivors (2048K)
 Metaspace       used 76855K, capacity 77773K, committed 77952K, reserved 1118208K
  class space    used 8182K, capacity 8528K, committed 8576K, reserved 1048576K
}
Event: 31.394 GC heap after
{Heap after GC invocations=65 (full 0):
 garbage-first heap   total 110592K, used 90395K [0x00000000c2400000, 0x0000000100000000)
  region size 1024K, 1 young (1024K), 1 survivors (1024K)
 Metaspace       used 76855K, capacity 77773K, committed 77952K, reserved 1118208K
  class space    used 8182K, capacity 8528K, committed 8576K, reserved 1048576K
}
Event: 31.464 GC heap before
{Heap before GC invocations=65 (full 0):
 garbage-first heap   total 110592K, used 96539K [0x00000000c2400000, 0x0000000100000000)
  region size 1024K, 7 young (7168K), 1 survivors (1024K)
 Metaspace       used 76878K, capacity 77773K, committed 77952K, reserved 1118208K
  class space    used 8182K, capacity 8528K, committed 8576K, reserved 1048576K
}
Event: 31.467 GC heap after
{Heap after GC invocations=66 (full 0):
 garbage-first heap   total 133120K, used 91069K [0x00000000c2400000, 0x0000000100000000)
  region size 1024K, 1 young (1024K), 1 survivors (1024K)
 Metaspace       used 76878K, capacity 77773K, committed 77952K, reserved 1118208K
  class space    used 8182K, capacity 8528K, committed 8576K, reserved 1048576K
}
Event: 31.625 GC heap before
{Heap before GC invocations=67 (full 0):
 garbage-first heap   total 133120K, used 107453K [0x00000000c2400000, 0x0000000100000000)
  region size 1024K, 17 young (17408K), 1 survivors (1024K)
 Metaspace       used 76901K, capacity 77773K, committed 77952K, reserved 1118208K
  class space    used 8182K, capacity 8528K, committed 8576K, reserved 1048576K
}
Event: 31.646 GC heap after
{Heap after GC invocations=68 (full 0):
 garbage-first heap   total 133120K, used 92572K [0x00000000c2400000, 0x0000000100000000)
  region size 1024K, 3 young (3072K), 3 survivors (3072K)
 Metaspace       used 76901K, capacity 77773K, committed 77952K, reserved 1118208K
  class space    used 8182K, capacity 8528K, committed 8576K, reserved 1048576K
}
Event: 31.775 GC heap before
{Heap before GC invocations=68 (full 0):
 garbage-first heap   total 133120K, used 107932K [0x00000000c2400000, 0x0000000100000000)
  region size 1024K, 18 young (18432K), 3 survivors (3072K)
 Metaspace       used 76970K, capacity 77837K, committed 77952K, reserved 1118208K
  class space    used 8182K, capacity 8528K, committed 8576K, reserved 1048576K
}
Event: 31.781 GC heap after
{Heap after GC invocations=69 (full 0):
 garbage-first heap   total 133120K, used 93776K [0x00000000c2400000, 0x0000000100000000)
  region size 1024K, 2 young (2048K), 2 survivors (2048K)
 Metaspace       used 76970K, capacity 77837K, committed 77952K, reserved 1118208K
  class space    used 8182K, capacity 8528K, committed 8576K, reserved 1048576K
}
Event: 31.944 GC heap before
{Heap before GC invocations=69 (full 0):
 garbage-first heap   total 133120K, used 109136K [0x00000000c2400000, 0x0000000100000000)
  region size 1024K, 18 young (18432K), 2 survivors (2048K)
 Metaspace       used 77351K, capacity 78253K, committed 78464K, reserved 1120256K
  class space    used 8222K, capacity 8560K, committed 8576K, reserved 1048576K
}
Event: 31.951 GC heap after
{Heap after GC invocations=70 (full 0):
 garbage-first heap   total 133120K, used 95906K [0x00000000c2400000, 0x0000000100000000)
  region size 1024K, 3 young (3072K), 3 survivors (3072K)
 Metaspace       used 77351K, capacity 78253K, committed 78464K, reserved 1120256K
  class space    used 8222K, capacity 8560K, committed 8576K, reserved 1048576K
}
Event: 32.144 GC heap before
{Heap before GC invocations=71 (full 0):
 garbage-first heap   total 133120K, used 110242K [0x00000000c2400000, 0x0000000100000000)
  region size 1024K, 18 young (18432K), 3 survivors (3072K)
 Metaspace       used 78467K, capacity 79373K, committed 79616K, reserved 1120256K
  class space    used 8319K, capacity 8656K, committed 8704K, reserved 1048576K
}
Event: 32.152 GC heap after
{Heap after GC invocations=72 (full 0):
 garbage-first heap   total 133120K, used 98778K [0x00000000c2400000, 0x0000000100000000)
  region size 1024K, 3 young (3072K), 3 survivors (3072K)
 Metaspace       used 78467K, capacity 79373K, committed 79616K, reserved 1120256K
  class space    used 8319K, capacity 8656K, committed 8704K, reserved 1048576K
}
Event: 37.554 GC heap before
{Heap before GC invocations=72 (full 0):
 garbage-first heap   total 133120K, used 112090K [0x00000000c2400000, 0x0000000100000000)
  region size 1024K, 16 young (16384K), 3 survivors (3072K)
 Metaspace       used 81593K, capacity 82448K, committed 82560K, reserved 1122304K
  class space    used 8709K, capacity 9041K, committed 9088K, reserved 1048576K
}

