# JRE version: OpenJDK Runtime Environment Temurin-11.0.15+10 (11.0.15+10) (build 11.0.15+10)
# Java VM: OpenJDK 64-Bit Server VM Temurin-11.0.15+10 (11.0.15+10, mixed mode, tiered, compressed oops, g1 gc, windows-amd64)
Heap:
 garbage-first heap   total 633856K, used 117475K [0x0000000080000000, 0x0000000100000000)
  region size 1024K, 5 young (5120K), 5 survivors (5120K)
 Metaspace       used 88485K, capacity 91302K, committed 91440K, reserved 595968K
  class space    used 11287K, capacity 12371K, committed 12416K, reserved 516096K
GC Heap History (20 events):
Event: 1298.133 GC heap after
{Heap after GC invocations=99 (full 0):
 garbage-first heap   total 113664K, used 99733K [0x0000000080000000, 0x0000000100000000)
  region size 1024K, 1 young (1024K), 1 survivors (1024K)
 Metaspace       used 87868K, capacity 90700K, committed 90800K, reserved 595968K
  class space    used 11225K, capacity 12284K, committed 12288K, reserved 516096K
}
Event: 1298.152 GC heap before
{Heap before GC invocations=100 (full 0):
 garbage-first heap   total 113664K, used 103829K [0x0000000080000000, 0x0000000100000000)
  region size 1024K, 5 young (5120K), 1 survivors (1024K)
 Metaspace       used 87868K, capacity 90700K, committed 90800K, reserved 595968K
  class space    used 11225K, capacity 12284K, committed 12288K, reserved 516096K
}
Event: 1298.156 GC heap after
{Heap after GC invocations=101 (full 0):
 garbage-first heap   total 113664K, used 101697K [0x0000000080000000, 0x0000000100000000)
  region size 1024K, 1 young (1024K), 1 survivors (1024K)
 Metaspace       used 87868K, capacity 90700K, committed 90800K, reserved 595968K
  class space    used 11225K, capacity 12284K, committed 12288K, reserved 516096K
}
Event: 1298.171 GC heap before
{Heap before GC invocations=101 (full 0):
 garbage-first heap   total 113664K, used 105793K [0x0000000080000000, 0x0000000100000000)
  region size 1024K, 5 young (5120K), 1 survivors (1024K)
 Metaspace       used 87868K, capacity 90700K, committed 90800K, reserved 595968K
  class space    used 11225K, capacity 12284K, committed 12288K, reserved 516096K
}
Event: 1298.177 GC heap after
{Heap after GC invocations=102 (full 0):
 garbage-first heap   total 113664K, used 91009K [0x0000000080000000, 0x0000000100000000)
  region size 1024K, 1 young (1024K), 1 survivors (1024K)
 Metaspace       used 87868K, capacity 90700K, committed 90800K, reserved 595968K
  class space    used 11225K, capacity 12284K, committed 12288K, reserved 516096K
}
Event: 1298.192 GC heap before
{Heap before GC invocations=102 (full 0):
 garbage-first heap   total 113664K, used 95105K [0x0000000080000000, 0x0000000100000000)
  region size 1024K, 5 young (5120K), 1 survivors (1024K)
 Metaspace       used 87868K, capacity 90700K, committed 90800K, reserved 595968K
  class space    used 11225K, capacity 12284K, committed 12288K, reserved 516096K
}
Event: 1298.197 GC heap after
{Heap after GC invocations=103 (full 0):
 garbage-first heap   total 113664K, used 92940K [0x0000000080000000, 0x0000000100000000)
  region size 1024K, 1 young (1024K), 1 survivors (1024K)
 Metaspace       used 87868K, capacity 90700K, committed 90800K, reserved 595968K
  class space    used 11225K, capacity 12284K, committed 12288K, reserved 516096K
}
Event: 1298.223 GC heap before
{Heap before GC invocations=103 (full 0):
 garbage-first heap   total 113664K, used 99084K [0x0000000080000000, 0x0000000100000000)
  region size 1024K, 5 young (5120K), 1 survivors (1024K)
 Metaspace       used 87868K, capacity 90700K, committed 90800K, reserved 595968K
  class space    used 11225K, capacity 12284K, committed 12288K, reserved 516096K
}
Event: 1298.228 GC heap after
{Heap after GC invocations=104 (full 0):
 garbage-first heap   total 113664K, used 96839K [0x0000000080000000, 0x0000000100000000)
  region size 1024K, 1 young (1024K), 1 survivors (1024K)
 Metaspace       used 87868K, capacity 90700K, committed 90800K, reserved 595968K
  class space    used 11225K, capacity 12284K, committed 12288K, reserved 516096K
}
Event: 1298.248 GC heap before
{Heap before GC invocations=104 (full 0):
 garbage-first heap   total 113664K, used 99911K [0x0000000080000000, 0x0000000100000000)
  region size 1024K, 5 young (5120K), 1 survivors (1024K)
 Metaspace       used 87868K, capacity 90700K, committed 90800K, reserved 595968K
  class space    used 11225K, capacity 12284K, committed 12288K, reserved 516096K
}
Event: 1298.266 GC heap after
{Heap after GC invocations=105 (full 0):
 garbage-first heap   total 113664K, used 98947K [0x0000000080000000, 0x0000000100000000)
  region size 1024K, 1 young (1024K), 1 survivors (1024K)
 Metaspace       used 87868K, capacity 90700K, committed 90800K, reserved 595968K
  class space    used 11225K, capacity 12284K, committed 12288K, reserved 516096K
}
Event: 1298.281 GC heap before
{Heap before GC invocations=105 (full 0):
 garbage-first heap   total 113664K, used 103043K [0x0000000080000000, 0x0000000100000000)
  region size 1024K, 5 young (5120K), 1 survivors (1024K)
 Metaspace       used 87868K, capacity 90700K, committed 90800K, reserved 595968K
  class space    used 11225K, capacity 12284K, committed 12288K, reserved 516096K
}
Event: 1298.288 GC heap after
{Heap after GC invocations=106 (full 0):
 garbage-first heap   total 228352K, used 100853K [0x0000000080000000, 0x0000000100000000)
  region size 1024K, 1 young (1024K), 1 survivors (1024K)
 Metaspace       used 87868K, capacity 90700K, committed 90800K, reserved 595968K
  class space    used 11225K, capacity 12284K, committed 12288K, reserved 516096K
}
Event: 1298.490 GC heap before
{Heap before GC invocations=107 (full 0):
 garbage-first heap   total 228352K, used 136693K [0x0000000080000000, 0x0000000100000000)
  region size 1024K, 36 young (36864K), 1 survivors (1024K)
 Metaspace       used 87884K, capacity 90701K, committed 90800K, reserved 595968K
  class space    used 11225K, capacity 12284K, committed 12288K, reserved 516096K
}
Event: 1298.506 GC heap after
{Heap after GC invocations=108 (full 0):
 garbage-first heap   total 228352K, used 111227K [0x0000000080000000, 0x0000000100000000)
  region size 1024K, 5 young (5120K), 5 survivors (5120K)
 Metaspace       used 87884K, capacity 90701K, committed 90800K, reserved 595968K
  class space    used 11225K, capacity 12284K, committed 12288K, reserved 516096K
}
Event: 1298.526 GC heap before
{Heap before GC invocations=108 (full 0):
 garbage-first heap   total 228352K, used 117371K [0x0000000080000000, 0x0000000100000000)
  region size 1024K, 11 young (11264K), 5 survivors (5120K)
 Metaspace       used 87884K, capacity 90701K, committed 90800K, reserved 595968K
  class space    used 11225K, capacity 12284K, committed 12288K, reserved 516096K
}
Event: 1298.535 GC heap after
{Heap after GC invocations=109 (full 0):
 garbage-first heap   total 228352K, used 112656K [0x0000000080000000, 0x0000000100000000)
  region size 1024K, 2 young (2048K), 2 survivors (2048K)
 Metaspace       used 87884K, capacity 90701K, committed 90800K, reserved 595968K
  class space    used 11225K, capacity 12284K, committed 12288K, reserved 516096K
}
Event: 1298.635 GC heap before
{Heap before GC invocations=109 (full 0):
 garbage-first heap   total 228352K, used 140304K [0x0000000080000000, 0x0000000100000000)
  region size 1024K, 30 young (30720K), 2 survivors (2048K)
 Metaspace       used 87921K, capacity 90711K, committed 90800K, reserved 595968K
  class space    used 11232K, capacity 12287K, committed 12288K, reserved 516096K
}
Event: 1298.645 GC heap after
{Heap after GC invocations=110 (full 0):
 garbage-first heap   total 228352K, used 120556K [0x0000000080000000, 0x0000000100000000)
  region size 1024K, 5 young (5120K), 5 survivors (5120K)
 Metaspace       used 87921K, capacity 90711K, committed 90800K, reserved 595968K
  class space    used 11232K, capacity 12287K, committed 12288K, reserved 516096K
}
Event: 1311.842 GC heap before
{Heap before GC invocations=111 (full 0):
 garbage-first heap   total 228352K, used 143084K [0x0000000080000000, 0x0000000100000000)
  region size 1024K, 39 young (39936K), 5 survivors (5120K)
 Metaspace       used 88485K, capacity 91302K, committed 91440K, reserved 595968K
  class space    used 11287K, capacity 12371K, committed 12416K, reserved 516096K
}

